Nov  3 22:15:05 hkucs-poweredge-r430-2 xusheng: brute-kill
Nov  3 22:16:06 hkucs-poweredge-r430-2 xusheng: brute-kill-keep-image
Nov  3 22:40:16 hkucs-poweredge-r430-2 marathon[16263]: [2016-11-03 22:40:16,728] INFO [/bridged-webapp6803]: new app detected (mesosphere.marathon.upgrade.GroupVersioningUtil$:marathon-akka.actor.default-dispatcher-26)
Nov  3 22:40:16 hkucs-poweredge-r430-2 marathon[16263]: [2016-11-03 22:40:16,729] INFO [/bridged-webapp6803] storing new app version 2016-11-03T14:40:16.727Z (mesosphere.marathon.core.group.impl.GroupManagerActor:marathon-akka.actor.default-dispatcher-26)
Nov  3 22:40:16 hkucs-poweredge-r430-2 marathon[16263]: [2016-11-03 22:40:16,733] INFO Successfully started 0 instances of /bridged-webapp6803 (mesosphere.marathon.upgrade.AppStartActor:marathon-akka.actor.default-dispatcher-13)
Nov  3 22:40:16 hkucs-poweredge-r430-2 marathon[16263]: [2016-11-03 22:40:16,758] INFO receiveTaskUpdate: updating status of task [bridged-webapp6803.6fcebd9b-a1d3-11e6-8f4d-0242e662515c] (mesosphere.marathon.core.launchqueue.impl.TaskLauncherActor:marathon-akka.actor.default-dispatcher-3)
Nov  3 22:40:16 hkucs-poweredge-r430-2 marathon[16263]: [2016-11-03 22:40:16,758] INFO receiveTaskUpdate: updating status of task [bridged-webapp6803.6fcebd9c-a1d3-11e6-8f4d-0242e662515c] (mesosphere.marathon.core.launchqueue.impl.TaskLauncherActor:marathon-akka.actor.default-dispatcher-3)
Nov  3 22:41:14 hkucs-poweredge-r430-2 marathon[16263]: [2016-11-03 22:41:14,849] INFO receiveTaskUpdate: updating status of task [bridged-webapp6803.6fcebd9c-a1d3-11e6-8f4d-0242e662515c] (mesosphere.marathon.core.launchqueue.impl.TaskLauncherActor:marathon-akka.actor.default-dispatcher-3)
Nov  3 22:41:18 hkucs-poweredge-r430-2 marathon[16263]: [2016-11-03 22:41:18,239] INFO receiveTaskUpdate: updating status of task [bridged-webapp6803.6fcebd9b-a1d3-11e6-8f4d-0242e662515c] (mesosphere.marathon.core.launchqueue.impl.TaskLauncherActor:marathon-akka.actor.default-dispatcher-9)
Nov  3 22:41:21 hkucs-poweredge-r430-2 marathon[16263]: [2016-11-03 22:41:21,808] INFO Successfully started 2 instances of /bridged-webapp6803 (mesosphere.marathon.upgrade.TaskStartActor:marathon-akka.actor.default-dispatcher-19)
Nov  3 22:41:41 hkucs-poweredge-r430-2 xusheng: brute-kill
Nov  3 22:41:42 hkucs-poweredge-r430-2 marathon[16263]: [2016-11-03 22:41:42,185] INFO receiveTaskUpdate: task [bridged-webapp6803.6fcebd9c-a1d3-11e6-8f4d-0242e662515c] finished (mesosphere.marathon.core.launchqueue.impl.TaskLauncherActor:marathon-akka.actor.default-dispatcher-23)
Nov  3 22:41:42 hkucs-poweredge-r430-2 marathon[16263]: [2016-11-03 22:41:42,185] INFO Need to scale /bridged-webapp6803 from 1 up to 2 instances (mesosphere.marathon.SchedulerActions:ForkJoinPool-2-worker-9)
Nov  3 22:41:42 hkucs-poweredge-r430-2 marathon[16263]: [2016-11-03 22:41:42,185] INFO Queueing 1 new tasks for /bridged-webapp6803 (1 queued or running) (mesosphere.marathon.SchedulerActions:ForkJoinPool-2-worker-9)
Nov  3 22:41:43 hkucs-poweredge-r430-2 marathon[16263]: [2016-11-03 22:41:43,202] INFO receiveTaskUpdate: updating status of task [bridged-webapp6803.a357a46d-a1d3-11e6-8f4d-0242e662515c] (mesosphere.marathon.core.launchqueue.impl.TaskLauncherActor:marathon-akka.actor.default-dispatcher-11)
Nov  3 22:42:19 hkucs-poweredge-r430-2 marathon[16263]: [2016-11-03 22:42:19,896] INFO receiveTaskUpdate: updating status of task [bridged-webapp6803.a357a46d-a1d3-11e6-8f4d-0242e662515c] (mesosphere.marathon.core.launchqueue.impl.TaskLauncherActor:marathon-akka.actor.default-dispatcher-23)
Nov  3 22:42:41 hkucs-poweredge-r430-2 xusheng: brute-kill-keep-image
Nov  3 22:42:41 hkucs-poweredge-r430-2 marathon[16263]: [2016-11-03 22:42:41,915] INFO receiveTaskUpdate: task [bridged-webapp6803.6fcebd9b-a1d3-11e6-8f4d-0242e662515c] finished (mesosphere.marathon.core.launchqueue.impl.TaskLauncherActor:marathon-akka.actor.default-dispatcher-18)
Nov  3 22:42:41 hkucs-poweredge-r430-2 marathon[16263]: [2016-11-03 22:42:41,915] INFO Need to scale /bridged-webapp6803 from 1 up to 2 instances (mesosphere.marathon.SchedulerActions:ForkJoinPool-2-worker-125)
Nov  3 22:42:41 hkucs-poweredge-r430-2 marathon[16263]: [2016-11-03 22:42:41,915] INFO Queueing 1 new tasks for /bridged-webapp6803 (1 queued or running) (mesosphere.marathon.SchedulerActions:ForkJoinPool-2-worker-125)
Nov  3 22:42:42 hkucs-poweredge-r430-2 marathon[16263]: [2016-11-03 22:42:42,931] INFO receiveTaskUpdate: updating status of task [bridged-webapp6803.c6f1907e-a1d3-11e6-8f4d-0242e662515c] (mesosphere.marathon.core.launchqueue.impl.TaskLauncherActor:marathon-akka.actor.default-dispatcher-13)
Nov  3 22:42:43 hkucs-poweredge-r430-2 marathon[16263]: [2016-11-03 22:42:43,781] INFO receiveTaskUpdate: updating status of task [bridged-webapp6803.c6f1907e-a1d3-11e6-8f4d-0242e662515c] (mesosphere.marathon.core.launchqueue.impl.TaskLauncherActor:marathon-akka.actor.default-dispatcher-22)
